#
# A fatal error has been detected by the Java Runtime Environment:
#
#  Internal Error (t:/workspace/open/src/hotspot/os_cpu/windows_x86/os_windows_x86.cpp:145), pid=30856, tid=41856
#  guarantee(result == EXCEPTION_CONTINUE_EXECUTION) failed: Unexpected result from topLevelExceptionFilter
#
# JRE version: Java(TM) SE Runtime Environment (14.0+36) (build 14+36-1461)
# Java VM: Java HotSpot(TM) 64-Bit Server VM (14+36-1461, mixed mode, sharing, tiered, compressed oops, g1 gc, windows-amd64)
# No core dump will be written. Minidumps are not enabled by default on client versions of Windows
#
# If you would like to submit a bug report, please visit:
#   https://bugreport.java.com/bugreport/crash.jsp
# The crash happened outside the Java Virtual Machine in native code.
# See problematic frame for where to report the bug.
#

---------------  S U M M A R Y ------------

Command Line: -Dfile.encoding=UTF8 -ea -Xmx1024m 

Host: Intel(R) Core(TM) i5-6500 CPU @ 3.20GHz, 4 cores, 7G,  Windows 10 , 64 bit Build 19041 (10.0.19041.1023)
Time: Thu Jun 24 00:18:13 2021 대한민국 표준시 elapsed time: 147 seconds (0d 0h 2m 27s)

---------------  T H R E A D  ---------------

Current thread (0x000002057f1c9800):  JavaThread "Python Reference Queue" daemon [_thread_in_native, id=41856, stack(0x0000009f65c70000,0x0000009f65e60000)]

Stack: [0x0000009f65c70000,0x0000009f65e60000]
Native frames: (J=compiled Java code, j=interpreted, Vv=VM code, C=native code)
V  [jvm.dll+0x5f83ea]
V  [jvm.dll+0x741e2a]
V  [jvm.dll+0x7435df]
V  [jvm.dll+0x743bd7]
V  [jvm.dll+0x20d1ec]
V  [jvm.dll+0x5f80ac]
C  [ntdll.dll+0xa217f]
C  [ntdll.dll+0x51454]
C  [ntdll.dll+0xa0cae]
C  0x00007ff90fd7735d

Java frames: (J=compiled Java code, j=interpreted, Vv=VM code)
j  org.jpype.ref.JPypeReferenceQueue.wake(J)V+0
j  org.jpype.ref.JPypeReferenceQueue$Worker.run()V+49
j  java.lang.Thread.run()V+11 java.base@14
v  ~StubRoutines::call_stub

---------------  P R O C E S S  ---------------

Threads class SMR info:
_java_thread_list=0x0000020532adcbd0, length=10, elements={
0x0000020578cd6000, 0x0000020578cdb000, 0x0000020578cee000, 0x000002057f000800,
0x0000020577a33000, 0x0000020577a34000, 0x000002057f00e000, 0x0000020578cbf000,
0x000002057f138000, 0x000002057f1c9800
}

Java Threads: ( => current thread )
  0x0000020578cd6000 JavaThread "Reference Handler" daemon [_thread_blocked, id=41604, stack(0x0000009f64530000,0x0000009f64720000)]
  0x0000020578cdb000 JavaThread "Finalizer" daemon [_thread_blocked, id=31792, stack(0x0000009f64720000,0x0000009f64910000)]
  0x0000020578cee000 JavaThread "Attach Listener" daemon [_thread_blocked, id=8248, stack(0x0000009f64b00000,0x0000009f64cf0000)]
  0x000002057f000800 JavaThread "Service Thread" daemon [_thread_blocked, id=10904, stack(0x0000009f64cf0000,0x0000009f64ee0000)]
  0x0000020577a33000 JavaThread "C2 CompilerThread0" daemon [_thread_blocked, id=34860, stack(0x0000009f64ee0000,0x0000009f650d0000)]
  0x0000020577a34000 JavaThread "C1 CompilerThread0" daemon [_thread_blocked, id=37088, stack(0x0000009f650d0000,0x0000009f652c0000)]
  0x000002057f00e000 JavaThread "Sweeper thread" daemon [_thread_blocked, id=17416, stack(0x0000009f652c0000,0x0000009f654b0000)]
  0x0000020578cbf000 JavaThread "Notification Thread" daemon [_thread_blocked, id=32852, stack(0x0000009f654b0000,0x0000009f656a0000)]
  0x000002057f138000 JavaThread "Common-Cleaner" daemon [_thread_blocked, id=31024, stack(0x0000009f65890000,0x0000009f65a80000)]
=>0x000002057f1c9800 JavaThread "Python Reference Queue" daemon [_thread_in_native, id=41856, stack(0x0000009f65c70000,0x0000009f65e60000)]

Other Threads:
  0x0000020578aee800 GCTaskThread "GC Thread#0" [stack: 0x0000009f63990000,0x0000009f63b80000] [id=38880]
  0x000002057f552800 GCTaskThread "GC Thread#1" [stack: 0x0000009f65e60000,0x0000009f66050000] [id=22644]
  0x000002057f553000 GCTaskThread "GC Thread#2" [stack: 0x0000009f66050000,0x0000009f66240000] [id=34984]
  0x0000020578aef800 ConcurrentGCThread "G1 Main Marker" [stack: 0x0000009f63b80000,0x0000009f63d70000] [id=4400]
  0x0000020578af1800 ConcurrentGCThread "G1 Conc#0" [stack: 0x0000009f63d70000,0x0000009f63f60000] [id=20728]
  0x0000020578b57800 ConcurrentGCThread "G1 Refine#0" [stack: 0x0000009f63f60000,0x0000009f64150000] [id=19880]
  0x0000020578b58800 ConcurrentGCThread "G1 Young RemSet Sampling" [stack: 0x0000009f64150000,0x0000009f64340000] [id=37540]

Threads with active compile tasks:

VM state:at safepoint (shutting down)

VM Mutex/Monitor currently owned by a thread:  ([mutex/lock_event])
[0x0000020578ac2a50] Threads_lock - owner thread: 0x0000020578cd2000

Heap address: 0x00000000c0000000, size: 1024 MB, Compressed Oops mode: 32-bit
Narrow klass base: 0x0000000800000000, Narrow klass shift: 3
Compressed class space size: 1073741824 Address: 0x0000000800b30000

Heap:
 garbage-first heap   total 20480K, used 9740K [0x00000000c0000000, 0x0000000100000000)
  region size 1024K, 5 young (5120K), 0 survivors (0K)
 Metaspace       used 2531K, capacity 4935K, committed 5120K, reserved 1056768K
  class space    used 223K, capacity 466K, committed 512K, reserved 1048576K
Heap Regions: E=young(eden), S=young(survivor), O=old, HS=humongous(starts), HC=humongous(continues), CS=collection set, F=free, OA=open archive, CA=closed archive, TAMS=top-at-mark-start (previous, next)
|   0|0x00000000c0000000, 0x00000000c00ffff8, 0x00000000c0100000| 99%| O|  |TAMS 0x00000000c0000000, 0x00000000c0000000| Untracked 
|   1|0x00000000c0100000, 0x00000000c01fffe8, 0x00000000c0200000| 99%| O|  |TAMS 0x00000000c0100000, 0x00000000c0100000| Untracked 
|   2|0x00000000c0200000, 0x00000000c02fffc8, 0x00000000c0300000| 99%| O|  |TAMS 0x00000000c0200000, 0x00000000c0200000| Untracked 
|   3|0x00000000c0300000, 0x00000000c03fffb0, 0x00000000c0400000| 99%| O|  |TAMS 0x00000000c0300000, 0x00000000c0300000| Untracked 
|   4|0x00000000c0400000, 0x00000000c04ffce0, 0x00000000c0500000| 99%| O|  |TAMS 0x00000000c0400000, 0x00000000c0400000| Untracked 
|   5|0x00000000c0500000, 0x00000000c0583520, 0x00000000c0600000| 51%| O|  |TAMS 0x00000000c0500000, 0x00000000c0500000| Untracked 
|   6|0x00000000c0600000, 0x00000000c0600000, 0x00000000c0700000|  0%| F|  |TAMS 0x00000000c0600000, 0x00000000c0600000| Untracked 
|   7|0x00000000c0700000, 0x00000000c0700000, 0x00000000c0800000|  0%| F|  |TAMS 0x00000000c0700000, 0x00000000c0700000| Untracked 
|   8|0x00000000c0800000, 0x00000000c0800000, 0x00000000c0900000|  0%| F|  |TAMS 0x00000000c0800000, 0x00000000c0800000| Untracked 
|   9|0x00000000c0900000, 0x00000000c0900000, 0x00000000c0a00000|  0%| F|  |TAMS 0x00000000c0900000, 0x00000000c0900000| Untracked 
|  10|0x00000000c0a00000, 0x00000000c0a00000, 0x00000000c0b00000|  0%| F|  |TAMS 0x00000000c0a00000, 0x00000000c0a00000| Untracked 
|  11|0x00000000c0b00000, 0x00000000c0b00000, 0x00000000c0c00000|  0%| F|  |TAMS 0x00000000c0b00000, 0x00000000c0b00000| Untracked 
|  12|0x00000000c0c00000, 0x00000000c0c00000, 0x00000000c0d00000|  0%| F|  |TAMS 0x00000000c0c00000, 0x00000000c0c00000| Untracked 
|  13|0x00000000c0d00000, 0x00000000c0d00000, 0x00000000c0e00000|  0%| F|  |TAMS 0x00000000c0d00000, 0x00000000c0d00000| Untracked 
|  14|0x00000000c0e00000, 0x00000000c0e00000, 0x00000000c0f00000|  0%| F|  |TAMS 0x00000000c0e00000, 0x00000000c0e00000| Untracked 
|  15|0x00000000c0f00000, 0x00000000c0f00800, 0x00000000c1000000|  0%| E|  |TAMS 0x00000000c0f00000, 0x00000000c0f00000| Complete 
|  16|0x00000000c1000000, 0x00000000c1100000, 0x00000000c1100000|100%| E|CS|TAMS 0x00000000c1000000, 0x00000000c1000000| Complete 
|  17|0x00000000c1100000, 0x00000000c1200000, 0x00000000c1200000|100%| E|CS|TAMS 0x00000000c1100000, 0x00000000c1100000| Complete 
|  18|0x00000000c1200000, 0x00000000c1300000, 0x00000000c1300000|100%| E|CS|TAMS 0x00000000c1200000, 0x00000000c1200000| Complete 
|  19|0x00000000c1300000, 0x00000000c1400000, 0x00000000c1400000|100%| E|CS|TAMS 0x00000000c1300000, 0x00000000c1300000| Complete 

Card table byte_map: [0x0000020579f90000,0x000002057a190000] _byte_map_base: 0x0000020579990000

Marking Bits (Prev, Next): (CMBitMap*) 0x0000020575bd9328, (CMBitMap*) 0x0000020575bd9368
 Prev Bits: [0x000002057a390000, 0x000002057b390000)
 Next Bits: [0x000002057b390000, 0x000002057c390000)

Polling page: 0x00000205796a0000

Metaspace:

Usage:
  Non-class:      4.36 MB capacity,     2.25 MB ( 52%) used,     2.11 MB ( 48%) free+waste,     5.38 KB ( <1%) overhead. 
      Class:    466.00 KB capacity,   223.91 KB ( 48%) used,   239.27 KB ( 51%) free+waste,     2.81 KB ( <1%) overhead. 
       Both:      4.82 MB capacity,     2.47 MB ( 51%) used,     2.34 MB ( 49%) free+waste,     8.19 KB ( <1%) overhead. 

Virtual space:
  Non-class space:        8.00 MB reserved,       4.50 MB ( 56%) committed 
      Class space:        1.00 GB reserved,     512.00 KB ( <1%) committed 
             Both:        1.01 GB reserved,       5.00 MB ( <1%) committed 

Chunk freelists:
   Non-Class:  11.00 KB
       Class:  0 bytes
        Both:  11.00 KB

MaxMetaspaceSize: 17179869184.00 GB
CompressedClassSpaceSize: 1.00 GB

CodeHeap 'non-profiled nmethods': size=120000Kb used=369Kb max_used=369Kb free=119631Kb
 bounds [0x00000205101a0000, 0x0000020510410000, 0x00000205176d0000]
CodeHeap 'profiled nmethods': size=120000Kb used=1481Kb max_used=1481Kb free=118518Kb
 bounds [0x0000020508c70000, 0x0000020508ee0000, 0x00000205101a0000]
CodeHeap 'non-nmethods': size=5760Kb used=1134Kb max_used=1176Kb free=4625Kb
 bounds [0x00000205086d0000, 0x0000020508940000, 0x0000020508c70000]
 total_blobs=1740 nmethods=854 adapters=293
 compilation: enabled
              stopped_count=0, restarted_count=0
 full_count=0

Compilation events (20 events):
Event: 0.692 Thread 0x0000020577a34000  842       1       java.net.URL::getPath (5 bytes)
Event: 0.692 Thread 0x0000020577a34000 nmethod 842 0x00000205101fa810 code [0x00000205101fa9a0, 0x00000205101faa78]
Event: 0.692 Thread 0x0000020577a34000  843       3       java.lang.StringConcatHelper::newArray (26 bytes)
Event: 0.692 Thread 0x0000020577a34000 nmethod 843 0x0000020508de0010 code [0x0000020508de01c0, 0x0000020508de0408]
Event: 0.692 Thread 0x0000020577a34000  844       1       java.net.URL::getAuthority (5 bytes)
Event: 0.692 Thread 0x0000020577a34000 nmethod 844 0x00000205101fab10 code [0x00000205101faca0, 0x00000205101fad78]
Event: 0.692 Thread 0x0000020577a34000  845       1       java.net.URL::getQuery (5 bytes)
Event: 0.692 Thread 0x0000020577a34000 nmethod 845 0x00000205101fae10 code [0x00000205101fafa0, 0x00000205101fb078]
Event: 0.692 Thread 0x0000020577a34000  846       1       java.net.URL::getRef (5 bytes)
Event: 0.692 Thread 0x0000020577a34000 nmethod 846 0x00000205101fb110 code [0x00000205101fb2a0, 0x00000205101fb378]
Event: 22.097 Thread 0x0000020577a34000  848       3       java.lang.ref.ReferenceQueue::reallyPoll (65 bytes)
Event: 22.097 Thread 0x0000020577a34000 nmethod 848 0x0000020508de0510 code [0x0000020508de06e0, 0x0000020508de0c18]
Event: 29.346 Thread 0x0000020577a34000  849       1       org.jpype.ref.JPypeReferenceQueue::access$100 (5 bytes)
Event: 29.346 Thread 0x0000020577a34000 nmethod 849 0x00000205101fb810 code [0x00000205101fb9a0, 0x00000205101fba38]
Event: 53.437 Thread 0x0000020577a34000  850   !   3       java.lang.ref.ReferenceQueue::remove (125 bytes)
Event: 53.438 Thread 0x0000020577a34000 nmethod 850 0x0000020508de0d10 code [0x0000020508de0f20, 0x0000020508de17b8]
Event: 137.320 Thread 0x0000020577a34000  852       3       java.util.HashMap$HashIterator::hasNext (13 bytes)
Event: 137.320 Thread 0x0000020577a34000 nmethod 852 0x0000020508de1b10 code [0x0000020508de1ca0, 0x0000020508de1e18]
Event: 147.325 Thread 0x0000020577a34000  854       3       java.util.HashMap$HashIterator::nextNode (100 bytes)
Event: 147.325 Thread 0x0000020577a34000 nmethod 854 0x0000020508de1e90 code [0x0000020508de2080, 0x0000020508de25d8]

GC Heap History (20 events):
Event: 8.859 GC heap before
{Heap before GC invocations=32 (full 25):
 garbage-first heap   total 20480K, used 5644K [0x00000000c0000000, 0x0000000100000000)
  region size 1024K, 1 young (1024K), 0 survivors (0K)
 Metaspace       used 2522K, capacity 4935K, committed 5120K, reserved 1056768K
  class space    used 222K, capacity 466K, committed 512K, reserved 1048576K
}
Event: 8.867 GC heap after
{Heap after GC invocations=33 (full 26):
 garbage-first heap   total 20480K, used 5644K [0x00000000c0000000, 0x0000000100000000)
  region size 1024K, 0 young (0K), 0 survivors (0K)
 Metaspace       used 2522K, capacity 4935K, committed 5120K, reserved 1056768K
  class space    used 222K, capacity 466K, committed 512K, reserved 1048576K
}
Event: 12.664 GC heap before
{Heap before GC invocations=33 (full 26):
 garbage-first heap   total 20480K, used 5644K [0x00000000c0000000, 0x0000000100000000)
  region size 1024K, 1 young (1024K), 0 survivors (0K)
 Metaspace       used 2522K, capacity 4935K, committed 5120K, reserved 1056768K
  class space    used 222K, capacity 466K, committed 512K, reserved 1048576K
}
Event: 12.671 GC heap after
{Heap after GC invocations=34 (full 27):
 garbage-first heap   total 20480K, used 5644K [0x00000000c0000000, 0x0000000100000000)
  region size 1024K, 0 young (0K), 0 survivors (0K)
 Metaspace       used 2522K, capacity 4935K, committed 5120K, reserved 1056768K
  class space    used 222K, capacity 466K, committed 512K, reserved 1048576K
}
Event: 12.740 GC heap before
{Heap before GC invocations=34 (full 27):
 garbage-first heap   total 20480K, used 5644K [0x00000000c0000000, 0x0000000100000000)
  region size 1024K, 1 young (1024K), 0 survivors (0K)
 Metaspace       used 2522K, capacity 4935K, committed 5120K, reserved 1056768K
  class space    used 222K, capacity 466K, committed 512K, reserved 1048576K
}
Event: 12.747 GC heap after
{Heap after GC invocations=35 (full 28):
 garbage-first heap   total 20480K, used 5644K [0x00000000c0000000, 0x0000000100000000)
  region size 1024K, 0 young (0K), 0 survivors (0K)
 Metaspace       used 2522K, capacity 4935K, committed 5120K, reserved 1056768K
  class space    used 222K, capacity 466K, committed 512K, reserved 1048576K
}
Event: 12.815 GC heap before
{Heap before GC invocations=35 (full 28):
 garbage-first heap   total 20480K, used 5644K [0x00000000c0000000, 0x0000000100000000)
  region size 1024K, 1 young (1024K), 0 survivors (0K)
 Metaspace       used 2522K, capacity 4935K, committed 5120K, reserved 1056768K
  class space    used 222K, capacity 466K, committed 512K, reserved 1048576K
}
Event: 12.823 GC heap after
{Heap after GC invocations=36 (full 29):
 garbage-first heap   total 20480K, used 5644K [0x00000000c0000000, 0x0000000100000000)
  region size 1024K, 0 young (0K), 0 survivors (0K)
 Metaspace       used 2522K, capacity 4935K, committed 5120K, reserved 1056768K
  class space    used 222K, capacity 466K, committed 512K, reserved 1048576K
}
Event: 12.891 GC heap before
{Heap before GC invocations=36 (full 29):
 garbage-first heap   total 20480K, used 5644K [0x00000000c0000000, 0x0000000100000000)
  region size 1024K, 1 young (1024K), 0 survivors (0K)
 Metaspace       used 2522K, capacity 4935K, committed 5120K, reserved 1056768K
  class space    used 222K, capacity 466K, committed 512K, reserved 1048576K
}
Event: 12.899 GC heap after
{Heap after GC invocations=37 (full 30):
 garbage-first heap   total 20480K, used 5644K [0x00000000c0000000, 0x0000000100000000)
  region size 1024K, 0 young (0K), 0 survivors (0K)
 Metaspace       used 2522K, capacity 4935K, committed 5120K, reserved 1056768K
  class space    used 222K, capacity 466K, committed 512K, reserved 1048576K
}
Event: 18.338 GC heap before
{Heap before GC invocations=37 (full 30):
 garbage-first heap   total 20480K, used 5644K [0x00000000c0000000, 0x0000000100000000)
  region size 1024K, 1 young (1024K), 0 survivors (0K)
 Metaspace       used 2522K, capacity 4935K, committed 5120K, reserved 1056768K
  class space    used 222K, capacity 466K, committed 512K, reserved 1048576K
}
Event: 18.345 GC heap after
{Heap after GC invocations=38 (full 31):
 garbage-first heap   total 20480K, used 5644K [0x00000000c0000000, 0x0000000100000000)
  region size 1024K, 0 young (0K), 0 survivors (0K)
 Metaspace       used 2522K, capacity 4935K, committed 5120K, reserved 1056768K
  class space    used 222K, capacity 466K, committed 512K, reserved 1048576K
}
Event: 18.510 GC heap before
{Heap before GC invocations=38 (full 31):
 garbage-first heap   total 20480K, used 5644K [0x00000000c0000000, 0x0000000100000000)
  region size 1024K, 1 young (1024K), 0 survivors (0K)
 Metaspace       used 2522K, capacity 4935K, committed 5120K, reserved 1056768K
  class space    used 222K, capacity 466K, committed 512K, reserved 1048576K
}
Event: 18.517 GC heap after
{Heap after GC invocations=39 (full 32):
 garbage-first heap   total 20480K, used 5644K [0x00000000c0000000, 0x0000000100000000)
  region size 1024K, 0 young (0K), 0 survivors (0K)
 Metaspace       used 2522K, capacity 4935K, committed 5120K, reserved 1056768K
  class space    used 222K, capacity 466K, committed 512K, reserved 1048576K
}
Event: 18.659 GC heap before
{Heap before GC invocations=39 (full 32):
 garbage-first heap   total 20480K, used 5644K [0x00000000c0000000, 0x0000000100000000)
  region size 1024K, 1 young (1024K), 0 survivors (0K)
 Metaspace       used 2522K, capacity 4935K, committed 5120K, reserved 1056768K
  class space    used 222K, capacity 466K, committed 512K, reserved 1048576K
}
Event: 18.667 GC heap after
{Heap after GC invocations=40 (full 33):
 garbage-first heap   total 20480K, used 5644K [0x00000000c0000000, 0x0000000100000000)
  region size 1024K, 0 young (0K), 0 survivors (0K)
 Metaspace       used 2522K, capacity 4935K, committed 5120K, reserved 1056768K
  class space    used 222K, capacity 466K, committed 512K, reserved 1048576K
}
Event: 136.410 GC heap before
{Heap before GC invocations=40 (full 33):
 garbage-first heap   total 20480K, used 5644K [0x00000000c0000000, 0x0000000100000000)
  region size 1024K, 1 young (1024K), 0 survivors (0K)
 Metaspace       used 2523K, capacity 4935K, committed 5120K, reserved 1056768K
  class space    used 222K, capacity 466K, committed 512K, reserved 1048576K
}
Event: 136.418 GC heap after
{Heap after GC invocations=41 (full 34):
 garbage-first heap   total 20480K, used 5644K [0x00000000c0000000, 0x0000000100000000)
  region size 1024K, 0 young (0K), 0 survivors (0K)
 Metaspace       used 2523K, capacity 4935K, committed 5120K, reserved 1056768K
  class space    used 222K, capacity 466K, committed 512K, reserved 1048576K
}
Event: 136.723 GC heap before
{Heap before GC invocations=41 (full 34):
 garbage-first heap   total 20480K, used 5644K [0x00000000c0000000, 0x0000000100000000)
  region size 1024K, 1 young (1024K), 0 survivors (0K)
 Metaspace       used 2523K, capacity 4935K, committed 5120K, reserved 1056768K
  class space    used 222K, capacity 466K, committed 512K, reserved 1048576K
}
Event: 136.730 GC heap after
{Heap after GC invocations=42 (full 35):
 garbage-first heap   total 20480K, used 5644K [0x00000000c0000000, 0x0000000100000000)
  region size 1024K, 0 young (0K), 0 survivors (0K)
 Metaspace       used 2523K, capacity 4935K, committed 5120K, reserved 1056768K
  class space    used 222K, capacity 466K, committed 512K, reserved 1048576K
}

Deoptimization events (20 events):
Event: 0.555 Thread 0x0000020578ac7000 Uncommon trap: trap_request=0xffffffbe fr.pc=0x00000205101ddd0c relative=0x000000000000092c
Event: 0.555 Thread 0x0000020578ac7000 Uncommon trap: reason=profile_predicate action=maybe_recompile pc=0x00000205101ddd0c method=jdk.internal.jimage.ImageStringsReader.charsFromByteBuffer([CLjava/nio/ByteBuffer;)V @ 6 c2
Event: 0.555 Thread 0x0000020578ac7000 DEOPT PACKING pc=0x00000205101ddd0c sp=0x0000009f62decaa0
Event: 0.555 Thread 0x0000020578ac7000 DEOPT UNPACKING pc=0x000002050871912f sp=0x0000009f62dec978 mode 2
Event: 0.555 Thread 0x0000020578ac7000 Uncommon trap: trap_request=0xffffffbe fr.pc=0x00000205101ddd0c relative=0x000000000000092c
Event: 0.555 Thread 0x0000020578ac7000 Uncommon trap: reason=profile_predicate action=maybe_recompile pc=0x00000205101ddd0c method=jdk.internal.jimage.ImageStringsReader.charsFromByteBuffer([CLjava/nio/ByteBuffer;)V @ 6 c2
Event: 0.555 Thread 0x0000020578ac7000 DEOPT PACKING pc=0x00000205101ddd0c sp=0x0000009f62decaa0
Event: 0.555 Thread 0x0000020578ac7000 DEOPT UNPACKING pc=0x000002050871912f sp=0x0000009f62dec978 mode 2
Event: 0.555 Thread 0x0000020578ac7000 Uncommon trap: trap_request=0xffffffbe fr.pc=0x00000205101ddd0c relative=0x000000000000092c
Event: 0.555 Thread 0x0000020578ac7000 Uncommon trap: reason=profile_predicate action=maybe_recompile pc=0x00000205101ddd0c method=jdk.internal.jimage.ImageStringsReader.charsFromByteBuffer([CLjava/nio/ByteBuffer;)V @ 6 c2
Event: 0.555 Thread 0x0000020578ac7000 DEOPT PACKING pc=0x00000205101ddd0c sp=0x0000009f62decaa0
Event: 0.555 Thread 0x0000020578ac7000 DEOPT UNPACKING pc=0x000002050871912f sp=0x0000009f62dec978 mode 2
Event: 0.566 Thread 0x0000020578ac7000 Uncommon trap: trap_request=0xffffffbe fr.pc=0x00000205101e06dc relative=0x000000000000099c
Event: 0.566 Thread 0x0000020578ac7000 Uncommon trap: reason=profile_predicate action=maybe_recompile pc=0x00000205101e06dc method=jdk.internal.jimage.ImageStringsReader.charsFromByteBuffer([CLjava/nio/ByteBuffer;)V @ 6 c2
Event: 0.566 Thread 0x0000020578ac7000 DEOPT PACKING pc=0x00000205101e06dc sp=0x0000009f62decb80
Event: 0.566 Thread 0x0000020578ac7000 DEOPT UNPACKING pc=0x000002050871912f sp=0x0000009f62dec988 mode 2
Event: 0.633 Thread 0x0000020578ac7000 Uncommon trap: trap_request=0xffffffbe fr.pc=0x00000205101df680 relative=0x0000000000000460
Event: 0.633 Thread 0x0000020578ac7000 Uncommon trap: reason=profile_predicate action=maybe_recompile pc=0x00000205101df680 method=java.lang.StringLatin1.indexOf([BI[BII)I @ 18 c2
Event: 0.633 Thread 0x0000020578ac7000 DEOPT PACKING pc=0x00000205101df680 sp=0x0000009f62dedf60
Event: 0.633 Thread 0x0000020578ac7000 DEOPT UNPACKING pc=0x000002050871912f sp=0x0000009f62dedec0 mode 2

Classes unloaded (0 events):
No events

Classes redefined (0 events):
No events

Internal exceptions (20 events):
Event: 143.001 Thread 0x0000020578ac7000 Exception <a 'java/lang/InterruptedException'{0x00000000c1310228}> (0x00000000c1310228) 
thrown [t:/workspace/open/src/hotspot/share/runtime/objectMonitor.cpp, line 1415]
Event: 143.031 Thread 0x0000020578ac7000 Exception <a 'java/lang/InterruptedException'{0x00000000c13104f8}> (0x00000000c13104f8) 
thrown [t:/workspace/open/src/hotspot/share/runtime/objectMonitor.cpp, line 1415]
Event: 143.062 Thread 0x0000020578ac7000 Exception <a 'java/lang/InterruptedException'{0x00000000c13107c8}> (0x00000000c13107c8) 
thrown [t:/workspace/open/src/hotspot/share/runtime/objectMonitor.cpp, line 1415]
Event: 143.092 Thread 0x0000020578ac7000 Exception <a 'java/lang/InterruptedException'{0x00000000c1310a98}> (0x00000000c1310a98) 
thrown [t:/workspace/open/src/hotspot/share/runtime/objectMonitor.cpp, line 1415]
Event: 143.138 Thread 0x0000020578ac7000 Exception <a 'java/lang/InterruptedException'{0x00000000c1310d68}> (0x00000000c1310d68) 
thrown [t:/workspace/open/src/hotspot/share/runtime/objectMonitor.cpp, line 1415]
Event: 143.168 Thread 0x0000020578ac7000 Exception <a 'java/lang/InterruptedException'{0x00000000c1311038}> (0x00000000c1311038) 
thrown [t:/workspace/open/src/hotspot/share/runtime/objectMonitor.cpp, line 1415]
Event: 143.199 Thread 0x0000020578ac7000 Exception <a 'java/lang/InterruptedException'{0x00000000c1311308}> (0x00000000c1311308) 
thrown [t:/workspace/open/src/hotspot/share/runtime/objectMonitor.cpp, line 1415]
Event: 143.229 Thread 0x0000020578ac7000 Exception <a 'java/lang/InterruptedException'{0x00000000c13115d8}> (0x00000000c13115d8) 
thrown [t:/workspace/open/src/hotspot/share/runtime/objectMonitor.cpp, line 1415]
Event: 143.258 Thread 0x0000020578ac7000 Exception <a 'java/lang/InterruptedException'{0x00000000c13118a8}> (0x00000000c13118a8) 
thrown [t:/workspace/open/src/hotspot/share/runtime/objectMonitor.cpp, line 1415]
Event: 143.289 Thread 0x0000020578ac7000 Exception <a 'java/lang/InterruptedException'{0x00000000c1311b78}> (0x00000000c1311b78) 
thrown [t:/workspace/open/src/hotspot/share/runtime/objectMonitor.cpp, line 1415]
Event: 143.335 Thread 0x0000020578ac7000 Exception <a 'java/lang/InterruptedException'{0x00000000c1311e48}> (0x00000000c1311e48) 
thrown [t:/workspace/open/src/hotspot/share/runtime/objectMonitor.cpp, line 1415]
Event: 143.365 Thread 0x0000020578ac7000 Exception <a 'java/lang/InterruptedException'{0x00000000c1312118}> (0x00000000c1312118) 
thrown [t:/workspace/open/src/hotspot/share/runtime/objectMonitor.cpp, line 1415]
Event: 143.395 Thread 0x0000020578ac7000 Exception <a 'java/lang/InterruptedException'{0x00000000c13123e8}> (0x00000000c13123e8) 
thrown [t:/workspace/open/src/hotspot/share/runtime/objectMonitor.cpp, line 1415]
Event: 143.426 Thread 0x0000020578ac7000 Exception <a 'java/lang/InterruptedException'{0x00000000c13126b8}> (0x00000000c13126b8) 
thrown [t:/workspace/open/src/hotspot/share/runtime/objectMonitor.cpp, line 1415]
Event: 143.456 Thread 0x0000020578ac7000 Exception <a 'java/lang/InterruptedException'{0x00000000c1312988}> (0x00000000c1312988) 
thrown [t:/workspace/open/src/hotspot/share/runtime/objectMonitor.cpp, line 1415]
Event: 143.487 Thread 0x0000020578ac7000 Exception <a 'java/lang/InterruptedException'{0x00000000c1312c58}> (0x00000000c1312c58) 
thrown [t:/workspace/open/src/hotspot/share/runtime/objectMonitor.cpp, line 1415]
Event: 143.532 Thread 0x0000020578ac7000 Exception <a 'java/lang/InterruptedException'{0x00000000c1312f28}> (0x00000000c1312f28) 
thrown [t:/workspace/open/src/hotspot/share/runtime/objectMonitor.cpp, line 1415]
Event: 143.563 Thread 0x0000020578ac7000 Exception <a 'java/lang/InterruptedException'{0x00000000c13131f8}> (0x00000000c13131f8) 
thrown [t:/workspace/open/src/hotspot/share/runtime/objectMonitor.cpp, line 1415]
Event: 143.593 Thread 0x0000020578ac7000 Exception <a 'java/lang/InterruptedException'{0x00000000c13134c8}> (0x00000000c13134c8) 
thrown [t:/workspace/open/src/hotspot/share/runtime/objectMonitor.cpp, line 1415]
Event: 143.624 Thread 0x0000020578ac7000 Exception <a 'java/lang/InterruptedException'{0x00000000c1313798}> (0x00000000c1313798) 
thrown [t:/workspace/open/src/hotspot/share/runtime/objectMonitor.cpp, line 1415]

Events (20 events):
Event: 143.532 Thread 0x0000020531063800 Thread exited: 0x0000020531063800
Event: 143.562 Thread 0x0000020531068000 Thread added: 0x0000020531068000
Event: 143.563 Executing VM operation: HandshakeOneThread
Event: 143.563 Executing VM operation: HandshakeOneThread done
Event: 143.563 Thread 0x0000020531068000 Thread exited: 0x0000020531068000
Event: 143.592 Thread 0x0000020531063800 Thread added: 0x0000020531063800
Event: 143.593 Executing VM operation: HandshakeOneThread
Event: 143.593 Executing VM operation: HandshakeOneThread done
Event: 143.593 Thread 0x0000020531063800 Thread exited: 0x0000020531063800
Event: 143.623 Thread 0x0000020531069000 Thread added: 0x0000020531069000
Event: 143.624 Executing VM operation: HandshakeOneThread
Event: 143.624 Executing VM operation: HandshakeOneThread done
Event: 143.624 Thread 0x0000020531069000 Thread exited: 0x0000020531069000
Event: 147.325 Executing VM operation: HandshakeOneThread
Event: 147.325 Executing VM operation: HandshakeOneThread done
Event: 147.325 Executing VM operation: HandshakeOneThread
Event: 147.326 Executing VM operation: HandshakeOneThread done
Event: 147.326 Thread 0x0000020531066800 Thread exited: 0x0000020531066800
Event: 147.326 Thread 0x0000020578ac7000 Thread exited: 0x0000020578ac7000
Event: 147.326 Thread 0x0000020578ced800 Thread exited: 0x0000020578ced800


Dynamic libraries:
0x00007ff7b4d20000 - 0x00007ff7b4d3c000 	C:\Users\JY\AppData\Local\Programs\Python\Python38\python.exe
0x00007ff9681b0000 - 0x00007ff9683a5000 	C:\WINDOWS\SYSTEM32\ntdll.dll
0x00007ff967ab0000 - 0x00007ff967b6d000 	C:\WINDOWS\System32\KERNEL32.DLL
0x00007ff965e00000 - 0x00007ff9660c8000 	C:\WINDOWS\System32\KERNELBASE.dll
0x00007ff965ad0000 - 0x00007ff965bd0000 	C:\WINDOWS\System32\ucrtbase.dll
0x00007ff90ed70000 - 0x00007ff90f1a0000 	C:\Users\JY\AppData\Local\Programs\Python\Python38\python38.dll
0x00007ff966880000 - 0x00007ff9668d5000 	C:\WINDOWS\System32\SHLWAPI.dll
0x00007ff967b70000 - 0x00007ff967c0e000 	C:\WINDOWS\System32\msvcrt.dll
0x00007ff966810000 - 0x00007ff96687b000 	C:\WINDOWS\System32\WS2_32.dll
0x00007ff967210000 - 0x00007ff96733b000 	C:\WINDOWS\System32\RPCRT4.dll
0x00007ff967030000 - 0x00007ff9670dc000 	C:\WINDOWS\System32\ADVAPI32.dll
0x00007ff967ca0000 - 0x00007ff967d3b000 	C:\WINDOWS\System32\sechost.dll
0x00007ff961060000 - 0x00007ff961079000 	C:\Users\JY\AppData\Local\Programs\Python\Python38\VCRUNTIME140.dll
0x00007ff95d7c0000 - 0x00007ff95d7ca000 	C:\WINDOWS\SYSTEM32\VERSION.dll
0x00007ff9652b0000 - 0x00007ff9652c8000 	C:\WINDOWS\SYSTEM32\CRYPTSP.dll
0x00007ff964a00000 - 0x00007ff964a34000 	C:\WINDOWS\system32\rsaenh.dll
0x00007ff965cc0000 - 0x00007ff965ce7000 	C:\WINDOWS\System32\bcrypt.dll
0x00007ff9652a0000 - 0x00007ff9652ac000 	C:\WINDOWS\SYSTEM32\CRYPTBASE.dll
0x00007ff965c30000 - 0x00007ff965cb3000 	C:\WINDOWS\System32\bcryptPrimitives.dll
0x00007ff9625e0000 - 0x00007ff9625ef000 	C:\Users\JY\AppData\Local\Programs\Python\Python38\python3.DLL
0x00007ff95ec40000 - 0x00007ff95ec56000 	C:\Users\JY\AppData\Local\Programs\Python\Python38\DLLs\_socket.pyd
0x00007ff964d70000 - 0x00007ff964dab000 	C:\WINDOWS\SYSTEM32\IPHLPAPI.DLL
0x00007ff9625c0000 - 0x00007ff9625c9000 	C:\Users\JY\AppData\Local\Programs\Python\Python38\DLLs\select.pyd
0x00007ff960560000 - 0x00007ff96056f000 	C:\Users\JY\AppData\Local\Programs\Python\Python38\lib\site-packages\zope\interface\_zope_interface_coptimizations.cp38-win_amd64.pyd
0x00007ff93f1b0000 - 0x00007ff93f202000 	C:\Users\JY\AppData\Local\Programs\Python\Python38\lib\site-packages\gevent\libev\corecext.cp38-win_amd64.pyd
0x00007ff95f790000 - 0x00007ff95f79d000 	C:\Users\JY\AppData\Local\Programs\Python\Python38\lib\site-packages\greenlet.cp38-win_amd64.pyd
0x00007ff95b600000 - 0x00007ff95b614000 	C:\Users\JY\AppData\Local\Programs\Python\Python38\lib\site-packages\gevent\_gevent_c_hub_local.cp38-win_amd64.pyd
0x00007ff952130000 - 0x00007ff952147000 	C:\Users\JY\AppData\Local\Programs\Python\Python38\lib\site-packages\gevent\_gevent_c_greenlet_primitives.cp38-win_amd64.pyd
0x00007ff951e10000 - 0x00007ff951e2a000 	C:\Users\JY\AppData\Local\Programs\Python\Python38\lib\site-packages\gevent\_gevent_c_waiter.cp38-win_amd64.pyd
0x00007ff9504e0000 - 0x00007ff950506000 	C:\Users\JY\AppData\Local\Programs\Python\Python38\lib\site-packages\gevent\_gevent_c_hub_primitives.cp38-win_amd64.pyd
0x00007ff950390000 - 0x00007ff9503d0000 	C:\Users\JY\AppData\Local\Programs\Python\Python38\lib\site-packages\gevent\_gevent_cgreenlet.cp38-win_amd64.pyd
0x00007ff951dd0000 - 0x00007ff951de3000 	C:\Users\JY\AppData\Local\Programs\Python\Python38\lib\site-packages\gevent\_gevent_c_ident.cp38-win_amd64.pyd
0x00007ff9501f0000 - 0x00007ff950207000 	C:\Users\JY\AppData\Local\Programs\Python\Python38\DLLs\_bz2.pyd
0x00007ff94a8a0000 - 0x00007ff94a8ca000 	C:\Users\JY\AppData\Local\Programs\Python\Python38\DLLs\_lzma.pyd
0x00007ff94a7d0000 - 0x00007ff94a800000 	C:\Users\JY\AppData\Local\Programs\Python\Python38\DLLs\pyexpat.pyd
0x00000000593f0000 - 0x0000000059416000 	C:\Users\JY\AppData\Local\Programs\Python\Python38\lib\site-packages\win32\win32api.pyd
0x00007ff967ee0000 - 0x00007ff968080000 	C:\WINDOWS\System32\USER32.dll
0x00007ff965aa0000 - 0x00007ff965ac2000 	C:\WINDOWS\System32\win32u.dll
0x00007ff967340000 - 0x00007ff96736a000 	C:\WINDOWS\System32\GDI32.dll
0x00007ff965cf0000 - 0x00007ff965dfb000 	C:\WINDOWS\System32\gdi32full.dll
0x00007ff966180000 - 0x00007ff96621d000 	C:\WINDOWS\System32\msvcp_win.dll
0x00007ff967370000 - 0x00007ff967aaf000 	C:\WINDOWS\System32\SHELL32.dll
0x00000000593c0000 - 0x00000000593e9000 	C:\Users\JY\AppData\Local\Programs\Python\Python38\lib\site-packages\pywin32_system32\pywintypes38.dll
0x00007ff9670e0000 - 0x00007ff96720a000 	C:\WINDOWS\System32\ole32.dll
0x00007ff966cd0000 - 0x00007ff967025000 	C:\WINDOWS\System32\combase.dll
0x00007ff968090000 - 0x00007ff96815d000 	C:\WINDOWS\System32\OLEAUT32.dll
0x00007ff967e20000 - 0x00007ff967e50000 	C:\WINDOWS\System32\IMM32.DLL
0x00007ff949920000 - 0x00007ff94992c000 	C:\WINDOWS\SYSTEM32\secur32.dll
0x00007ff9657b0000 - 0x00007ff9657e1000 	C:\WINDOWS\SYSTEM32\SSPICLI.DLL
0x00000000593b0000 - 0x00000000593b9000 	C:\Users\JY\AppData\Local\Programs\Python\Python38\lib\site-packages\win32\_win32sysloader.pyd
0x0000000059310000 - 0x00000000593ab000 	C:\Users\JY\AppData\Local\Programs\Python\Python38\lib\site-packages\pywin32_system32\pythoncom38.dll
0x00007ff963780000 - 0x00007ff963792000 	C:\WINDOWS\SYSTEM32\kernel.appcore.dll
0x00007ff963300000 - 0x00007ff96339e000 	C:\WINDOWS\system32\uxtheme.dll
0x00007ff95fca0000 - 0x00007ff95fe8c000 	C:\WINDOWS\SYSTEM32\urlmon.dll
0x00007ff95f830000 - 0x00007ff95fae0000 	C:\WINDOWS\SYSTEM32\iertutil.dll
0x00007ff966a90000 - 0x00007ff966b3e000 	C:\WINDOWS\System32\shcore.dll
0x00007ff943990000 - 0x00007ff9439b1000 	C:\Users\JY\AppData\Local\Programs\Python\Python38\DLLs\_ctypes.pyd
0x00007ff95ecd0000 - 0x00007ff95ecdb000 	C:\Users\JY\AppData\Local\Programs\Python\Python38\DLLs\libffi-7.dll
0x00007ff9437b0000 - 0x00007ff9437d7000 	C:\Users\JY\AppData\Local\Programs\Python\Python38\DLLs\_ssl.pyd
0x00007ff965940000 - 0x00007ff965a9f000 	C:\WINDOWS\System32\CRYPT32.dll
0x00007ff928030000 - 0x00007ff928376000 	C:\Users\JY\AppData\Local\Programs\Python\Python38\DLLs\libcrypto-1_1.dll
0x00007ff93ecd0000 - 0x00007ff93ed7c000 	C:\Users\JY\AppData\Local\Programs\Python\Python38\DLLs\libssl-1_1.dll
0x00007ff950140000 - 0x00007ff950160000 	C:\Users\JY\AppData\Local\Programs\Python\Python38\lib\site-packages\gevent\_gevent_c_abstract_linkable.cp38-win_amd64.pyd
0x00007ff93f2a0000 - 0x00007ff93f2c1000 	C:\Users\JY\AppData\Local\Programs\Python\Python38\lib\site-packages\gevent\_gevent_cevent.cp38-win_amd64.pyd
0x00007ff95eca0000 - 0x00007ff95eca9000 	C:\Users\JY\AppData\Local\Programs\Python\Python38\DLLs\_queue.pyd
0x00007ff93f0b0000 - 0x00007ff93f0e8000 	C:\Users\JY\AppData\Local\Programs\Python\Python38\lib\site-packages\gevent\_gevent_cqueue.cp38-win_amd64.pyd
0x00007ff95e550000 - 0x00007ff95e55d000 	C:\Users\JY\AppData\Local\Programs\Python\Python38\DLLs\_hashlib.pyd
0x00007ff9650d0000 - 0x00007ff96513a000 	C:\WINDOWS\system32\mswsock.dll
0x00007ff9149d0000 - 0x00007ff914c8b000 	C:\Users\JY\AppData\Local\Programs\Python\Python38\lib\site-packages\gevent\libuv\_corecffi.pyd
0x00007ff93ec90000 - 0x00007ff93ecc4000 	C:\Users\JY\AppData\Local\Programs\Python\Python38\lib\site-packages\_cffi_backend.cp38-win_amd64.pyd
0x00007ff964ee0000 - 0x00007ff964f2b000 	C:\WINDOWS\SYSTEM32\powrprof.dll
0x00007ff964d50000 - 0x00007ff964d62000 	C:\WINDOWS\SYSTEM32\UMPDC.dll
0x00007ff93ebd0000 - 0x00007ff93ec8d000 	C:\Users\JY\AppData\Local\Programs\Python\Python38\lib\site-packages\_jpype.cp38-win_amd64.pyd
0x00007ff946700000 - 0x00007ff94678d000 	C:\WINDOWS\SYSTEM32\MSVCP140.dll
0x00007ff95d760000 - 0x00007ff95d76c000 	C:\Users\JY\AppData\Local\Programs\Python\Python38\VCRUNTIME140_1.dll
0x00007ff93eb80000 - 0x00007ff93ebc3000 	C:\Users\JY\AppData\Local\Programs\Python\Python38\DLLs\_decimal.pyd
0x00007ff94a7b0000 - 0x00007ff94a7c1000 	C:\Users\JY\AppData\Local\Programs\Python\Python38\lib\site-packages\simplejson\_speedups.cp38-win_amd64.pyd
0x00007ff93b040000 - 0x00007ff93b14e000 	C:\Users\JY\AppData\Local\Programs\Python\Python38\DLLs\unicodedata.pyd
0x00007ff93f180000 - 0x00007ff93f1ad000 	C:\Users\JY\AppData\Local\Programs\Python\Python38\DLLs\_elementtree.pyd
0x00007ff8fe770000 - 0x00007ff8feb4c000 	C:\Users\JY\AppData\Local\Programs\Python\Python38\lib\site-packages\lxml\etree.cp38-win_amd64.pyd
0x00007ff93ead0000 - 0x00007ff93eafc000 	C:\Users\JY\AppData\Local\Programs\Python\Python38\lib\site-packages\lxml\_elementpath.cp38-win_amd64.pyd
0x00007ff93eaa0000 - 0x00007ff93eac9000 	C:\Users\JY\AppData\Local\Programs\Python\Python38\lib\site-packages\eunjeon\data\_MeCab.cp38-win_amd64.pyd
0x00007ff8fc8e0000 - 0x00007ff8fcdb9000 	C:\Users\JY\AppData\Local\Programs\Python\Python38\lib\site-packages\eunjeon\data\libmecab.dll
0x00007ff8ecc30000 - 0x00007ff8ed74f000 	C:\Program Files\Java\jdk-14\bin\server\jvm.dll
0x00007ff968160000 - 0x00007ff968168000 	C:\WINDOWS\System32\PSAPI.DLL
0x00007ff952b80000 - 0x00007ff952ba7000 	C:\WINDOWS\SYSTEM32\WINMM.dll
0x00007ff945340000 - 0x00007ff945349000 	C:\WINDOWS\SYSTEM32\WSOCK32.dll
0x00007ff95b580000 - 0x00007ff95b58a000 	C:\Program Files\Java\jdk-14\bin\jimage.dll
0x00007ff946790000 - 0x00007ff946974000 	C:\WINDOWS\SYSTEM32\DBGHELP.DLL
